<?xml version="1.0" encoding="UTF-8"?>
<!-- Generated by org.testng.reporters.JUnitXMLReporter -->
<testsuite hostname="LAPTOP-91CI41D6" ignored="0" name="Default test" tests="4" failures="0" timestamp="2021-09-03T20:17:01 EDT" time="35.124" errors="0">
  <testcase name="loginWithWrongUsernameAndPassword" time="3.023" classname="tests.LoginTest"/>
  <testcase name="loginWithInvalidUsernameAndPassword" time="3.134" classname="tests.LoginTest"/>
  <testcase name="loginWithEmptyUsernameAndPassword" time="2.909" classname="tests.LoginTest"/>
  <testcase name="loginWithUsernameAndEmptyPassword" time="2.843" classname="tests.LoginTest"/>
</testsuite> <!-- Default test -->
