<?xml version="1.0" encoding="UTF-8"?>
<!-- Generated by org.testng.reporters.JUnitXMLReporter -->
<testsuite ignored="0" hostname="LAPTOP-91CI41D6" failures="0" tests="4" name="Test" time="35.083" errors="0" timestamp="04 Sep. 2021 00:21:06 GMT">
  <testcase classname="tests.LoginTest" name="loginWithWrongUsernameAndPassword" time="3.006"/>
  <testcase classname="tests.LoginTest" name="loginWithInvalidUsernameAndPassword" time="2.979"/>
  <testcase classname="tests.LoginTest" name="loginWithEmptyUsernameAndPassword" time="2.694"/>
  <testcase classname="tests.LoginTest" name="loginWithUsernameAndEmptyPassword" time="3.248"/>
</testsuite> <!-- Test -->
