<?xml version="1.0" encoding="UTF-8"?>
<testng-results ignored="0" total="4" passed="4" failed="0" skipped="0">
  <reporter-output>
  </reporter-output>
  <suite started-at="2021-09-04T00:20:31Z" name="Suite" finished-at="2021-09-04T00:21:06Z" duration-ms="35083">
    <groups>
    </groups>
    <test started-at="2021-09-04T00:20:31Z" name="Test" finished-at="2021-09-04T00:21:06Z" duration-ms="35083">
      <class name="tests.LoginTest">
        <test-method is-config="true" signature="beforeMethod()[pri:0, instance:tests.LoginTest@2cd2a21f]" started-at="2021-09-04T00:20:31Z" name="beforeMethod" finished-at="2021-09-04T00:20:36Z" duration-ms="5132" status="PASS">
          <reporter-output>
          </reporter-output>
        </test-method> <!-- beforeMethod -->
        <test-method signature="loginWithWrongUsernameAndPassword()[pri:1, instance:tests.LoginTest@2cd2a21f]" started-at="2021-09-04T00:20:36Z" name="loginWithWrongUsernameAndPassword" finished-at="2021-09-04T00:20:39Z" duration-ms="3006" status="PASS">
          <reporter-output>
          </reporter-output>
        </test-method> <!-- loginWithWrongUsernameAndPassword -->
        <test-method is-config="true" signature="afterMethod()[pri:0, instance:tests.LoginTest@2cd2a21f]" started-at="2021-09-04T00:20:39Z" name="afterMethod" finished-at="2021-09-04T00:20:40Z" duration-ms="857" status="PASS">
          <reporter-output>
          </reporter-output>
        </test-method> <!-- afterMethod -->
        <test-method is-config="true" signature="beforeMethod()[pri:0, instance:tests.LoginTest@2cd2a21f]" started-at="2021-09-04T00:20:40Z" name="beforeMethod" finished-at="2021-09-04T00:20:45Z" duration-ms="4915" status="PASS">
          <reporter-output>
          </reporter-output>
        </test-method> <!-- beforeMethod -->
        <test-method signature="loginWithInvalidUsernameAndPassword()[pri:2, instance:tests.LoginTest@2cd2a21f]" started-at="2021-09-04T00:20:45Z" name="loginWithInvalidUsernameAndPassword" finished-at="2021-09-04T00:20:48Z" duration-ms="2979" status="PASS">
          <reporter-output>
          </reporter-output>
        </test-method> <!-- loginWithInvalidUsernameAndPassword -->
        <test-method is-config="true" signature="afterMethod()[pri:0, instance:tests.LoginTest@2cd2a21f]" started-at="2021-09-04T00:20:48Z" name="afterMethod" finished-at="2021-09-04T00:20:48Z" duration-ms="879" status="PASS">
          <reporter-output>
          </reporter-output>
        </test-method> <!-- afterMethod -->
        <test-method is-config="true" signature="beforeMethod()[pri:0, instance:tests.LoginTest@2cd2a21f]" started-at="2021-09-04T00:20:48Z" name="beforeMethod" finished-at="2021-09-04T00:20:53Z" duration-ms="4443" status="PASS">
          <reporter-output>
          </reporter-output>
        </test-method> <!-- beforeMethod -->
        <test-method signature="loginWithEmptyUsernameAndPassword()[pri:3, instance:tests.LoginTest@2cd2a21f]" started-at="2021-09-04T00:20:53Z" name="loginWithEmptyUsernameAndPassword" finished-at="2021-09-04T00:20:56Z" duration-ms="2694" status="PASS">
          <reporter-output>
          </reporter-output>
        </test-method> <!-- loginWithEmptyUsernameAndPassword -->
        <test-method is-config="true" signature="afterMethod()[pri:0, instance:tests.LoginTest@2cd2a21f]" started-at="2021-09-04T00:20:56Z" name="afterMethod" finished-at="2021-09-04T00:20:56Z" duration-ms="813" status="PASS">
          <reporter-output>
          </reporter-output>
        </test-method> <!-- afterMethod -->
        <test-method is-config="true" signature="beforeMethod()[pri:0, instance:tests.LoginTest@2cd2a21f]" started-at="2021-09-04T00:20:56Z" name="beforeMethod" finished-at="2021-09-04T00:21:02Z" duration-ms="5265" status="PASS">
          <reporter-output>
          </reporter-output>
        </test-method> <!-- beforeMethod -->
        <test-method signature="loginWithUsernameAndEmptyPassword()[pri:4, instance:tests.LoginTest@2cd2a21f]" started-at="2021-09-04T00:21:02Z" name="loginWithUsernameAndEmptyPassword" finished-at="2021-09-04T00:21:05Z" duration-ms="3248" status="PASS">
          <reporter-output>
          </reporter-output>
        </test-method> <!-- loginWithUsernameAndEmptyPassword -->
        <test-method is-config="true" signature="afterMethod()[pri:0, instance:tests.LoginTest@2cd2a21f]" started-at="2021-09-04T00:21:05Z" name="afterMethod" finished-at="2021-09-04T00:21:06Z" duration-ms="840" status="PASS">
          <reporter-output>
          </reporter-output>
        </test-method> <!-- afterMethod -->
      </class> <!-- tests.LoginTest -->
    </test> <!-- Test -->
  </suite> <!-- Suite -->
</testng-results>
